<?xml version="1.0" encoding="UTF-8"?>
<!-- Generated by org.testng.reporters.JUnitReportReporter -->
<testsuite hostname="DESKTOP-OGED8AD" failures="0" tests="1" name="request.Country_Name_Request_By_ISO_Code_Test" time="0.318" errors="0" timestamp="2022-06-28T17:40:46 IST" skipped="0">
  <testcase classname="request.Country_Name_Request_By_ISO_Code_Test" name="verify_india_name_is_displayed_for_in_iso_code" time="0.318"/>
  <system-out/>
</testsuite> <!-- request.Country_Name_Request_By_ISO_Code_Test -->
